<?xml version="1.0" encoding="utf-8"?><testsuites name="pytest tests"><testsuite name="pytest" errors="0" failures="0" skipped="0" tests="4" time="0.270" timestamp="2026-09-15T22:14:31.169913+07:00" hostname="Alex"><testcase classname="tests.test_app" name="test_health_returns_200_and_json" time="0.013" /><testcase classname="tests.test_app" name="test_health_head_has_no_body" time="0.003" /><testcase classname="tests.test_app" name="test_health_rejects_post" time="0.002" /><testcase classname="tests.test_app" name="test_unknown_route_returns_404" time="0.002" /></testsuite></testsuites>